{"level":"info","message":"Subscription cleanup and notification service started","timestamp":"2025-02-25T07:01:50.557Z"}
{"level":"error","message":"Login Failed For Mismatching user not found","timestamp":"2025-02-25T07:11:05.605Z"}
{"level":"info","message":"Subscription cleanup and notification service started","timestamp":"2025-02-25T07:14:26.238Z"}
{"level":"info","message":"Subscription cleanup and notification service started","timestamp":"2025-02-25T07:15:06.941Z"}
{"level":"info","message":"Subscription cleanup and notification service started","timestamp":"2025-02-25T07:15:27.492Z"}
{"level":"info","message":"Subscription cleanup and notification service started","timestamp":"2025-02-25T07:17:33.788Z"}
{"level":"info","message":"Subscription cleanup and notification service started","timestamp":"2025-02-25T07:17:46.850Z"}
{"level":"info","message":"Subscription cleanup and notification service started","timestamp":"2025-02-25T07:22:01.336Z"}
{"level":"info","message":"Subscription cleanup and notification service started","timestamp":"2025-02-25T07:22:14.414Z"}
{"level":"error","message":"Login Failed For Mismatching user not found","timestamp":"2025-02-25T08:34:38.136Z"}
{"level":"error","message":"Login Failed For Mismatching passowrds","timestamp":"2025-02-25T08:34:46.267Z"}
{"level":"info","message":"Starting subscription processing","timestamp":"2025-02-25T10:00:00.763Z"}
{"level":"info","message":"No expired subscriptions found","timestamp":"2025-02-25T10:00:01.016Z"}
{"level":"info","message":"Subscription processing completed successfully","timestamp":"2025-02-25T10:00:01.267Z"}
{"level":"info","message":"✅ Password changed successfully for user ishi@gmail.com","timestamp":"2025-02-25T11:15:55.738Z"}
{"level":"error","message":"Login Failed For Mismatching passowrds","timestamp":"2025-02-25T11:16:22.115Z"}
{"level":"error","message":"Login Failed For Mismatching passowrds","timestamp":"2025-02-25T11:16:29.062Z"}
{"level":"error","message":"Login Failed For Mismatching passowrds","timestamp":"2025-02-25T11:16:36.057Z"}
{"level":"error","message":"Login Failed For Mismatching passowrds","timestamp":"2025-02-25T11:16:39.161Z"}
{"level":"info","message":{"messages":[{"messageId":"4404824619554335386973","status":{"description":"Message sent to next instance","groupId":1,"groupName":"PENDING","id":26,"name":"PENDING_ACCEPTED"},"to":"0787655645"}]},"timestamp":"2025-02-25T11:21:01.553Z"}
{"level":"info","message":"✅ SMS sent successfully to 0787655645","timestamp":"2025-02-25T11:21:01.554Z"}
{"level":"info","message":"✅ Password changed successfully for user ishimwe7@gmail.com","timestamp":"2025-02-25T11:22:23.805Z"}
{"level":"error","message":"Login Failed For Mismatching passowrds","timestamp":"2025-02-25T11:22:43.057Z"}
{"level":"error","message":"Login Failed For Mismatching passowrds","timestamp":"2025-02-25T11:22:47.069Z"}
{"level":"error","message":"Login Failed For Mismatching passowrds","timestamp":"2025-02-25T11:22:56.215Z"}
{"level":"info","message":"Subscription cleanup and notification service started","timestamp":"2025-02-25T13:11:12.077Z"}
{"level":"info","message":"Subscription cleanup and notification service started","timestamp":"2025-02-25T13:32:01.038Z"}
{"level":"info","message":"Subscription cleanup and notification service started","timestamp":"2025-02-25T13:45:13.106Z"}
{"level":"info","message":"Subscription cleanup and notification service started","timestamp":"2025-02-25T13:53:42.127Z"}
{"level":"info","message":"Subscription cleanup and notification service started","timestamp":"2025-02-25T14:05:12.834Z"}
{"level":"info","message":"Subscription cleanup and notification service started","timestamp":"2025-02-25T14:05:22.150Z"}
{"level":"info","message":"Subscription cleanup and notification service started","timestamp":"2025-02-25T14:05:58.893Z"}
{"level":"info","message":"Subscription cleanup and notification service started","timestamp":"2025-02-25T14:06:47.002Z"}
{"level":"info","message":"Subscription cleanup and notification service started","timestamp":"2025-02-25T14:07:23.550Z"}
{"level":"info","message":"Subscription cleanup and notification service started","timestamp":"2025-02-25T14:07:51.115Z"}
{"level":"info","message":"Subscription cleanup and notification service started","timestamp":"2025-02-25T14:08:43.681Z"}
{"level":"info","message":"Subscription cleanup and notification service started","timestamp":"2025-02-25T14:09:18.197Z"}
{"level":"error","message":"Login Failed For Mismatching passowrds","timestamp":"2025-02-25T14:09:56.156Z"}
{"level":"info","message":{"messages":[{"messageId":"4404932354074335655388","status":{"description":"Message sent to next instance","groupId":1,"groupName":"PENDING","id":26,"name":"PENDING_ACCEPTED"},"to":"09876587654"}]},"timestamp":"2025-02-25T14:20:34.736Z"}
{"level":"info","message":"✅ SMS sent successfully to 09876587654","timestamp":"2025-02-25T14:20:34.738Z"}
{"level":"error","message":"Login Failed For Mismatching user not found","timestamp":"2025-02-25T14:23:37.947Z"}
{"level":"info","message":"Subscription cleanup and notification service started","timestamp":"2025-02-25T15:29:08.540Z"}
{"level":"info","message":"Subscription cleanup and notification service started","timestamp":"2025-02-25T15:45:25.668Z"}
{"level":"info","message":"Starting subscription processing","timestamp":"2025-02-25T16:00:00.955Z"}
{"level":"info","message":"No expired subscriptions found","timestamp":"2025-02-25T16:00:01.448Z"}
{"level":"info","message":"Subscription processing completed successfully","timestamp":"2025-02-25T16:00:04.199Z"}
{"level":"info","message":"Subscription cleanup and notification service started","timestamp":"2025-02-25T16:01:23.890Z"}
{"level":"info","message":"Subscription cleanup and notification service started","timestamp":"2025-02-25T16:01:55.234Z"}
