{"level":"info","message":"Subscription cleanup and notification service started","timestamp":"2025-03-24T06:10:08.664Z"}
{"level":"info","message":"Subscription cleanup and notification service started","timestamp":"2025-03-24T06:16:40.788Z"}
{"level":"info","message":"Subscription cleanup and notification service started","timestamp":"2025-03-24T06:29:57.669Z"}
{"level":"info","message":"Subscription cleanup and notification service started","timestamp":"2025-03-24T06:30:10.108Z"}
{"level":"info","message":"Subscription cleanup and notification service started","timestamp":"2025-03-24T06:31:32.078Z"}
{"level":"info","message":{"messages":[{"messageId":"4427979089174335927352","status":{"description":"Message sent to next instance","groupId":1,"groupName":"PENDING","id":26,"name":"PENDING_ACCEPTED"},"to":"+250780146235"}]},"timestamp":"2025-03-24T06:31:48.020Z"}
{"level":"info","message":"✅ SMS sent successfully to +250780146235","timestamp":"2025-03-24T06:31:48.021Z"}
{"level":"info","message":"Email sent successfully to ishimwe.cyane07@gmail.com","timestamp":"2025-03-24T06:31:49.617Z"}
{"level":"info","message":"Email sent successfully to ishimwe.cyane07@gmail.com","timestamp":"2025-03-24T06:34:12.432Z"}
{"level":"info","message":{"messages":[{"messageId":"4427980539384335302721","status":{"description":"Message sent to next instance","groupId":1,"groupName":"PENDING","id":26,"name":"PENDING_ACCEPTED"},"to":"+250780146235"}]},"timestamp":"2025-03-24T06:34:13.010Z"}
{"level":"info","message":"✅ SMS sent successfully to +250780146235","timestamp":"2025-03-24T06:34:13.011Z"}
{"level":"info","message":"Subscription cleanup and notification service started","timestamp":"2025-03-24T06:36:51.828Z"}
{"level":"info","message":{"messages":[{"messageId":"4427982205114335636989","status":{"description":"Message sent to next instance","groupId":1,"groupName":"PENDING","id":26,"name":"PENDING_ACCEPTED"},"to":"+250780146235"}]},"timestamp":"2025-03-24T06:36:59.619Z"}
{"level":"info","message":"✅ SMS sent successfully to +250780146235","timestamp":"2025-03-24T06:36:59.619Z"}
{"level":"info","message":"Email sent successfully to ishimwe.cyane07@gmail.com","timestamp":"2025-03-24T06:37:01.711Z"}
{"level":"info","message":"Subscription cleanup and notification service started","timestamp":"2025-03-24T06:37:39.892Z"}
{"level":"info","message":"Subscription cleanup and notification service started","timestamp":"2025-03-24T06:38:07.816Z"}
{"level":"info","message":{"messages":[{"messageId":"4427982989754335529231","status":{"description":"Message sent to next instance","groupId":1,"groupName":"PENDING","id":26,"name":"PENDING_ACCEPTED"},"to":"+250780146235"}]},"timestamp":"2025-03-24T06:38:18.103Z"}
{"level":"info","message":"✅ SMS sent successfully to +250780146235","timestamp":"2025-03-24T06:38:18.103Z"}
{"level":"info","message":"Email sent successfully to ishimwe.cyane07@gmail.com","timestamp":"2025-03-24T06:38:20.841Z"}
{"level":"info","message":"Subscription cleanup and notification service started","timestamp":"2025-03-24T06:46:33.710Z"}
{"level":"info","message":"Subscription cleanup and notification service started","timestamp":"2025-03-24T06:46:56.938Z"}
{"level":"info","message":"Email sent successfully to ishimwe.cyane07@gmail.com","timestamp":"2025-03-24T06:47:05.622Z"}
{"level":"info","message":{"messages":[{"messageId":"4427988274634335955996","status":{"description":"Message sent to next instance","groupId":1,"groupName":"PENDING","id":26,"name":"PENDING_ACCEPTED"},"to":"+250780146235"}]},"timestamp":"2025-03-24T06:47:07.685Z"}
{"level":"info","message":"✅ SMS sent successfully to +250780146235","timestamp":"2025-03-24T06:47:07.686Z"}
{"level":"info","message":"Subscription cleanup and notification service started","timestamp":"2025-03-24T06:58:31.814Z"}
{"level":"info","message":"Subscription cleanup and notification service started","timestamp":"2025-03-24T06:59:48.688Z"}
{"level":"info","message":"Subscription cleanup and notification service started","timestamp":"2025-03-24T07:01:14.257Z"}
{"level":"info","message":{"messages":[{"messageId":"4427998922304335362991","status":{"description":"Message sent to next instance","groupId":1,"groupName":"PENDING","id":26,"name":"PENDING_ACCEPTED"},"to":"+250780146235"}]},"timestamp":"2025-03-24T07:04:52.395Z"}
{"level":"info","message":"✅ SMS sent successfully to +250780146235","timestamp":"2025-03-24T07:04:52.396Z"}
{"level":"info","message":"Email sent successfully to ishimwe.cyane07@gmail.com","timestamp":"2025-03-24T07:04:55.780Z"}
{"level":"info","message":"Subscription cleanup and notification service started","timestamp":"2025-03-24T07:09:18.354Z"}
{"level":"info","message":"Subscription cleanup and notification service started","timestamp":"2025-03-24T07:09:42.986Z"}
{"level":"info","message":"Subscription cleanup and notification service started","timestamp":"2025-03-24T07:10:24.696Z"}
{"level":"info","message":"Subscription cleanup and notification service started","timestamp":"2025-03-24T07:11:00.618Z"}
{"level":"info","message":{"messages":[{"messageId":"4428003861204335725117","status":{"description":"Message sent to next instance","groupId":1,"groupName":"PENDING","id":26,"name":"PENDING_ACCEPTED"},"to":"+250780146235"}]},"timestamp":"2025-03-24T07:13:06.281Z"}
{"level":"info","message":"✅ SMS sent successfully to +250780146235","timestamp":"2025-03-24T07:13:06.281Z"}
{"level":"info","message":"Email sent successfully to ishimwe.cyane07@gmail.com","timestamp":"2025-03-24T07:13:07.854Z"}
{"level":"info","message":"Subscription cleanup and notification service started","timestamp":"2025-03-24T07:16:28.753Z"}
{"level":"info","message":{"messages":[{"messageId":"4428005934944335732411","status":{"description":"Message sent to next instance","groupId":1,"groupName":"PENDING","id":26,"name":"PENDING_ACCEPTED"},"to":"+250780146235"}]},"timestamp":"2025-03-24T07:16:33.518Z"}
{"level":"info","message":"✅ SMS sent successfully to +250780146235","timestamp":"2025-03-24T07:16:33.521Z"}
{"level":"info","message":"Email sent successfully to ishimwe.cyane07@gmail.com","timestamp":"2025-03-24T07:16:36.424Z"}
{"level":"info","message":"Subscription cleanup and notification service started","timestamp":"2025-03-24T07:20:33.736Z"}
{"level":"info","message":"Subscription cleanup and notification service started","timestamp":"2025-03-24T07:21:00.549Z"}
{"level":"info","message":"Subscription cleanup and notification service started","timestamp":"2025-03-24T07:21:42.519Z"}
{"level":"info","message":"Subscription cleanup and notification service started","timestamp":"2025-03-24T07:25:51.654Z"}
{"level":"info","message":"Subscription cleanup and notification service started","timestamp":"2025-03-24T07:31:12.251Z"}
{"level":"info","message":"Subscription cleanup and notification service started","timestamp":"2025-03-24T07:31:53.547Z"}
{"level":"info","message":"Subscription cleanup and notification service started","timestamp":"2025-03-24T07:40:47.722Z"}
{"level":"info","message":"Subscription cleanup and notification service started","timestamp":"2025-03-24T07:43:33.521Z"}
{"level":"info","message":"Subscription cleanup and notification service started","timestamp":"2025-03-24T07:44:52.870Z"}
{"level":"info","message":{"messages":[{"messageId":"4428026001184335992626","status":{"description":"Message sent to next instance","groupId":1,"groupName":"PENDING","id":26,"name":"PENDING_ACCEPTED"},"to":"+250780146235"}]},"timestamp":"2025-03-24T07:50:00.299Z"}
{"level":"info","message":"✅ SMS sent successfully to +250780146235","timestamp":"2025-03-24T07:50:00.300Z"}
{"level":"info","message":"Email sent successfully to ishimwe.cyane07@gmail.com","timestamp":"2025-03-24T07:50:03.635Z"}
{"level":"info","message":"Subscription cleanup and notification service started","timestamp":"2025-03-24T07:50:45.565Z"}
{"level":"info","message":{"messages":[{"messageId":"4428026602284335211128","status":{"description":"Message sent to next instance","groupId":1,"groupName":"PENDING","id":26,"name":"PENDING_ACCEPTED"},"to":"+250780146235"}]},"timestamp":"2025-03-24T07:51:00.289Z"}
{"level":"info","message":"✅ SMS sent successfully to +250780146235","timestamp":"2025-03-24T07:51:00.290Z"}
{"level":"info","message":"Email sent successfully to ishimwe.cyane07@gmail.com","timestamp":"2025-03-24T07:51:04.562Z"}
{"level":"info","message":{"messages":[{"messageId":"4428026992894335359263","status":{"description":"Message sent to next instance","groupId":1,"groupName":"PENDING","id":26,"name":"PENDING_ACCEPTED"},"to":"+250780146235"}]},"timestamp":"2025-03-24T07:51:39.351Z"}
{"level":"info","message":"✅ SMS sent successfully to +250780146235","timestamp":"2025-03-24T07:51:39.351Z"}
{"level":"info","message":"Email sent successfully to ishimwe.cyane07@gmail.com","timestamp":"2025-03-24T07:51:42.292Z"}
{"level":"info","message":"Subscription cleanup and notification service started","timestamp":"2025-03-24T07:52:47.578Z"}
{"level":"info","message":"Subscription cleanup and notification service started","timestamp":"2025-03-24T07:53:00.159Z"}
{"level":"info","message":"Subscription cleanup and notification service started","timestamp":"2025-03-24T07:53:30.776Z"}
{"level":"info","message":"Subscription cleanup and notification service started","timestamp":"2025-03-24T07:54:08.936Z"}
{"level":"error","message":"Login Failed For Mismatching user not found","timestamp":"2025-03-24T08:26:13.020Z"}
{"level":"info","message":"Subscription cleanup and notification service started","timestamp":"2025-03-24T08:41:15.667Z"}
{"level":"info","message":"Subscription cleanup and notification service started","timestamp":"2025-03-24T08:41:57.484Z"}
{"level":"info","message":"Subscription cleanup and notification service started","timestamp":"2025-03-24T08:42:32.672Z"}
{"level":"info","message":"Subscription cleanup and notification service started","timestamp":"2025-03-24T08:43:40.276Z"}
